生成启动时间为 2024/1/20 18:32:30。
     1>项目“D:\WorkSpace\VC2010\ATMSystem\ATMSystem\ATMSystem.vcxproj”在节点 2 上(build 个目标)。
     1>InitializeBuildStatus:
         正在创建“Debug\ATMSystem.unsuccessfulbuild”，因为已指定“AlwaysCreate”。
       ClCompile:
         D:\Software\VC2010\VC2010\VC\bin\CL.exe /c /ZI /nologo /W3 /WX- /Od /Oy- /D WIN32 /D _DEBUG /D _CONSOLE /D _UNICODE /D UNICODE /Gm /EHsc /RTC1 /MDd /GS /fp:precise /Zc:wchar_t /Zc:forScope /Fo"Debug\\" /Fd"Debug\vc100.pdb" /Gd /TC /analyze- /errorReport:prompt user.c
         user.c
     1>d:\workspace\vc2010\atmsystem\atmsystem\user.c(32): warning C4996: 'scanf': This function or variable may be unsafe. Consider using scanf_s instead. To disable deprecation, use _CRT_SECURE_NO_WARNINGS. See online help for details.
                 d:\software\vc2010\vc2010\vc\include\stdio.h(304) : 参见“scanf”的声明
     1>d:\workspace\vc2010\atmsystem\atmsystem\user.c(61): warning C4996: 'scanf': This function or variable may be unsafe. Consider using scanf_s instead. To disable deprecation, use _CRT_SECURE_NO_WARNINGS. See online help for details.
                 d:\software\vc2010\vc2010\vc\include\stdio.h(304) : 参见“scanf”的声明
     1>d:\workspace\vc2010\atmsystem\atmsystem\user.c(72): warning C4996: 'scanf': This function or variable may be unsafe. Consider using scanf_s instead. To disable deprecation, use _CRT_SECURE_NO_WARNINGS. See online help for details.
                 d:\software\vc2010\vc2010\vc\include\stdio.h(304) : 参见“scanf”的声明
     1>d:\workspace\vc2010\atmsystem\atmsystem\user.c(74): warning C4996: 'scanf': This function or variable may be unsafe. Consider using scanf_s instead. To disable deprecation, use _CRT_SECURE_NO_WARNINGS. See online help for details.
                 d:\software\vc2010\vc2010\vc\include\stdio.h(304) : 参见“scanf”的声明
     1>d:\workspace\vc2010\atmsystem\atmsystem\user.c(118): warning C4996: 'scanf': This function or variable may be unsafe. Consider using scanf_s instead. To disable deprecation, use _CRT_SECURE_NO_WARNINGS. See online help for details.
                 d:\software\vc2010\vc2010\vc\include\stdio.h(304) : 参见“scanf”的声明
     1>d:\workspace\vc2010\atmsystem\atmsystem\user.c(120): warning C4996: 'scanf': This function or variable may be unsafe. Consider using scanf_s instead. To disable deprecation, use _CRT_SECURE_NO_WARNINGS. See online help for details.
                 d:\software\vc2010\vc2010\vc\include\stdio.h(304) : 参见“scanf”的声明
     1>d:\workspace\vc2010\atmsystem\atmsystem\user.c(121): warning C4996: 'scanf': This function or variable may be unsafe. Consider using scanf_s instead. To disable deprecation, use _CRT_SECURE_NO_WARNINGS. See online help for details.
                 d:\software\vc2010\vc2010\vc\include\stdio.h(304) : 参见“scanf”的声明
     1>d:\workspace\vc2010\atmsystem\atmsystem\user.c(122): warning C4996: 'scanf': This function or variable may be unsafe. Consider using scanf_s instead. To disable deprecation, use _CRT_SECURE_NO_WARNINGS. See online help for details.
                 d:\software\vc2010\vc2010\vc\include\stdio.h(304) : 参见“scanf”的声明
     1>d:\workspace\vc2010\atmsystem\atmsystem\user.c(147): warning C4996: 'scanf': This function or variable may be unsafe. Consider using scanf_s instead. To disable deprecation, use _CRT_SECURE_NO_WARNINGS. See online help for details.
                 d:\software\vc2010\vc2010\vc\include\stdio.h(304) : 参见“scanf”的声明
     1>d:\workspace\vc2010\atmsystem\atmsystem\user.c(151): warning C4996: 'scanf': This function or variable may be unsafe. Consider using scanf_s instead. To disable deprecation, use _CRT_SECURE_NO_WARNINGS. See online help for details.
                 d:\software\vc2010\vc2010\vc\include\stdio.h(304) : 参见“scanf”的声明
     1>d:\workspace\vc2010\atmsystem\atmsystem\user.c(163): warning C4996: 'strcpy': This function or variable may be unsafe. Consider using strcpy_s instead. To disable deprecation, use _CRT_SECURE_NO_WARNINGS. See online help for details.
                 d:\software\vc2010\vc2010\vc\include\string.h(105) : 参见“strcpy”的声明
     1>d:\workspace\vc2010\atmsystem\atmsystem\user.c(178): warning C4996: 'scanf': This function or variable may be unsafe. Consider using scanf_s instead. To disable deprecation, use _CRT_SECURE_NO_WARNINGS. See online help for details.
                 d:\software\vc2010\vc2010\vc\include\stdio.h(304) : 参见“scanf”的声明
     1>d:\workspace\vc2010\atmsystem\atmsystem\user.c(205): warning C4996: 'scanf': This function or variable may be unsafe. Consider using scanf_s instead. To disable deprecation, use _CRT_SECURE_NO_WARNINGS. See online help for details.
                 d:\software\vc2010\vc2010\vc\include\stdio.h(304) : 参见“scanf”的声明
     1>d:\workspace\vc2010\atmsystem\atmsystem\user.c(223): warning C4996: 'scanf': This function or variable may be unsafe. Consider using scanf_s instead. To disable deprecation, use _CRT_SECURE_NO_WARNINGS. See online help for details.
                 d:\software\vc2010\vc2010\vc\include\stdio.h(304) : 参见“scanf”的声明
     1>d:\workspace\vc2010\atmsystem\atmsystem\user.c(250): warning C4996: 'scanf': This function or variable may be unsafe. Consider using scanf_s instead. To disable deprecation, use _CRT_SECURE_NO_WARNINGS. See online help for details.
                 d:\software\vc2010\vc2010\vc\include\stdio.h(304) : 参见“scanf”的声明
     1>d:\workspace\vc2010\atmsystem\atmsystem\user.c(285): warning C4996: 'scanf': This function or variable may be unsafe. Consider using scanf_s instead. To disable deprecation, use _CRT_SECURE_NO_WARNINGS. See online help for details.
                 d:\software\vc2010\vc2010\vc\include\stdio.h(304) : 参见“scanf”的声明
     1>d:\workspace\vc2010\atmsystem\atmsystem\user.c(292): warning C4996: 'scanf': This function or variable may be unsafe. Consider using scanf_s instead. To disable deprecation, use _CRT_SECURE_NO_WARNINGS. See online help for details.
                 d:\software\vc2010\vc2010\vc\include\stdio.h(304) : 参见“scanf”的声明
     1>d:\workspace\vc2010\atmsystem\atmsystem\user.c(295): warning C4996: 'scanf': This function or variable may be unsafe. Consider using scanf_s instead. To disable deprecation, use _CRT_SECURE_NO_WARNINGS. See online help for details.
                 d:\software\vc2010\vc2010\vc\include\stdio.h(304) : 参见“scanf”的声明
     1>d:\workspace\vc2010\atmsystem\atmsystem\user.c(304): warning C4996: 'strcat': This function or variable may be unsafe. Consider using strcat_s instead. To disable deprecation, use _CRT_SECURE_NO_WARNINGS. See online help for details.
                 d:\software\vc2010\vc2010\vc\include\string.h(110) : 参见“strcat”的声明
     1>d:\workspace\vc2010\atmsystem\atmsystem\user.c(305): warning C4996: 'strcat': This function or variable may be unsafe. Consider using strcat_s instead. To disable deprecation, use _CRT_SECURE_NO_WARNINGS. See online help for details.
                 d:\software\vc2010\vc2010\vc\include\string.h(110) : 参见“strcat”的声明
     1>d:\workspace\vc2010\atmsystem\atmsystem\user.c(335): warning C4996: 'fopen': This function or variable may be unsafe. Consider using fopen_s instead. To disable deprecation, use _CRT_SECURE_NO_WARNINGS. See online help for details.
                 d:\software\vc2010\vc2010\vc\include\stdio.h(234) : 参见“fopen”的声明
     1>d:\workspace\vc2010\atmsystem\atmsystem\user.c(348): warning C4996: 'fopen': This function or variable may be unsafe. Consider using fopen_s instead. To disable deprecation, use _CRT_SECURE_NO_WARNINGS. See online help for details.
                 d:\software\vc2010\vc2010\vc\include\stdio.h(234) : 参见“fopen”的声明
     1>d:\workspace\vc2010\atmsystem\atmsystem\user.c(356): warning C4996: 'fscanf': This function or variable may be unsafe. Consider using fscanf_s instead. To disable deprecation, use _CRT_SECURE_NO_WARNINGS. See online help for details.
                 d:\software\vc2010\vc2010\vc\include\stdio.h(253) : 参见“fscanf”的声明
     1>d:\workspace\vc2010\atmsystem\atmsystem\user.c(377): warning C4996: 'fopen': This function or variable may be unsafe. Consider using fopen_s instead. To disable deprecation, use _CRT_SECURE_NO_WARNINGS. See online help for details.
                 d:\software\vc2010\vc2010\vc\include\stdio.h(234) : 参见“fopen”的声明
     1>d:\workspace\vc2010\atmsystem\atmsystem\user.c(394): warning C4996: 'fopen': This function or variable may be unsafe. Consider using fopen_s instead. To disable deprecation, use _CRT_SECURE_NO_WARNINGS. See online help for details.
                 d:\software\vc2010\vc2010\vc\include\stdio.h(234) : 参见“fopen”的声明
     1>d:\workspace\vc2010\atmsystem\atmsystem\user.c(405): warning C4996: 'fopen': This function or variable may be unsafe. Consider using fopen_s instead. To disable deprecation, use _CRT_SECURE_NO_WARNINGS. See online help for details.
                 d:\software\vc2010\vc2010\vc\include\stdio.h(234) : 参见“fopen”的声明
     1>d:\workspace\vc2010\atmsystem\atmsystem\user.c(412): warning C4996: 'strdup': The POSIX name for this item is deprecated. Instead, use the ISO C++ conformant name: _strdup. See online help for details.
                 d:\software\vc2010\vc2010\vc\include\string.h(238) : 参见“strdup”的声明
     1>d:\workspace\vc2010\atmsystem\atmsystem\user.c(435): warning C4996: 'fopen': This function or variable may be unsafe. Consider using fopen_s instead. To disable deprecation, use _CRT_SECURE_NO_WARNINGS. See online help for details.
                 d:\software\vc2010\vc2010\vc\include\stdio.h(234) : 参见“fopen”的声明
       ManifestResourceCompile:
         所有输出均为最新。
       Link:
         D:\Software\VC2010\VC2010\VC\bin\link.exe /ERRORREPORT:PROMPT /OUT:"D:\WorkSpace\VC2010\ATMSystem\Debug\ATMSystem.exe" /INCREMENTAL /NOLOGO kernel32.lib user32.lib gdi32.lib winspool.lib comdlg32.lib advapi32.lib shell32.lib ole32.lib oleaut32.lib uuid.lib odbc32.lib odbccp32.lib /MANIFEST /ManifestFile:"Debug\ATMSystem.exe.intermediate.manifest" /MANIFESTUAC:"level='asInvoker' uiAccess='false'" /DEBUG /PDB:"D:\WorkSpace\VC2010\ATMSystem\Debug\ATMSystem.pdb" /SUBSYSTEM:CONSOLE /TLBID:1 /DYNAMICBASE /NXCOMPAT /IMPLIB:"D:\WorkSpace\VC2010\ATMSystem\Debug\ATMSystem.lib" /MACHINE:X86 Debug\ATMSystem.exe.embed.manifest.res
         Debug\admin.obj
         Debug\hashmap.obj
         Debug\linkNode.obj
         Debug\main.obj
         Debug\menu.obj
         Debug\test.obj
         Debug\time.obj
         Debug\user.obj
       Manifest:
         C:\Program Files (x86)\Microsoft SDKs\Windows\v7.0A\bin\mt.exe /nologo /verbose /out:"Debug\ATMSystem.exe.embed.manifest" /manifest Debug\ATMSystem.exe.intermediate.manifest
         所有输出均为最新。
       LinkEmbedManifest:
         所有输出均为最新。
         ATMSystem.vcxproj -> D:\WorkSpace\VC2010\ATMSystem\Debug\ATMSystem.exe
       FinalizeBuildStatus:
         正在删除文件“Debug\ATMSystem.unsuccessfulbuild”。
         正在对“Debug\ATMSystem.lastbuildstate”执行 Touch 任务。
     1>已完成生成项目“D:\WorkSpace\VC2010\ATMSystem\ATMSystem\ATMSystem.vcxproj”(build 个目标)的操作。

生成成功。

已用时间 00:00:00.47
